{"meta": {"format": 3, "version": "7.9.1", "timestamp": "2025-08-06T14:02:19.626972", "branch_coverage": false, "show_contexts": false}, "files": {"practice\\agent.py": {"executed_lines": [2, 3, 4, 5, 6, 7, 8, 9, 11, 13, 21, 22, 23, 24, 25, 26, 27, 28, 32, 33, 36, 38, 39, 41, 44, 45, 46, 48, 50, 52, 53, 56, 57, 58, 59, 60], "summary": {"covered_lines": 36, "num_statements": 36, "percent_covered": 100.0, "percent_covered_display": "100", "missing_lines": 0, "excluded_lines": 0}, "missing_lines": [], "excluded_lines": [], "functions": {"chatbot": {"executed_lines": [39], "summary": {"covered_lines": 1, "num_statements": 1, "percent_covered": 100.0, "percent_covered_display": "100", "missing_lines": 0, "excluded_lines": 0}, "missing_lines": [], "excluded_lines": []}, "chat": {"executed_lines": [53, 56, 57, 58, 59, 60], "summary": {"covered_lines": 6, "num_statements": 6, "percent_covered": 100.0, "percent_covered_display": "100", "missing_lines": 0, "excluded_lines": 0}, "missing_lines": [], "excluded_lines": []}, "": {"executed_lines": [2, 3, 4, 5, 6, 7, 8, 9, 11, 13, 21, 22, 23, 24, 25, 26, 27, 28, 32, 33, 36, 38, 41, 44, 45, 46, 48, 50, 52], "summary": {"covered_lines": 29, "num_statements": 29, "percent_covered": 100.0, "percent_covered_display": "100", "missing_lines": 0, "excluded_lines": 0}, "missing_lines": [], "excluded_lines": []}}, "classes": {"State": {"executed_lines": [], "summary": {"covered_lines": 0, "num_statements": 0, "percent_covered": 100.0, "percent_covered_display": "100", "missing_lines": 0, "excluded_lines": 0}, "missing_lines": [], "excluded_lines": []}, "": {"executed_lines": [2, 3, 4, 5, 6, 7, 8, 9, 11, 13, 21, 22, 23, 24, 25, 26, 27, 28, 32, 33, 36, 38, 39, 41, 44, 45, 46, 48, 50, 52, 53, 56, 57, 58, 59, 60], "summary": {"covered_lines": 36, "num_statements": 36, "percent_covered": 100.0, "percent_covered_display": "100", "missing_lines": 0, "excluded_lines": 0}, "missing_lines": [], "excluded_lines": []}}}, "practice\\output\\tests\\test_integration_agent.py": {"executed_lines": [2, 3, 4, 5, 6, 7, 8, 9, 10, 11, 14, 15, 16, 17, 18, 19, 20, 23, 24, 25, 28, 29, 36, 39, 40, 41, 42, 43, 46, 47, 48, 49, 50, 52, 56, 57, 58, 61, 62, 64, 67, 72, 73, 76, 77, 78, 79, 80, 83, 88, 89, 90, 91, 94, 95, 98], "summary": {"covered_lines": 56, "num_statements": 66, "percent_covered": 84.84848484848484, "percent_covered_display": "85", "missing_lines": 10, "excluded_lines": 0}, "missing_lines": [53, 65, 68, 69, 96, 99, 100, 101, 102, 104], "excluded_lines": [], "functions": {"mock_llm": {"executed_lines": [16, 17, 18, 19, 20], "summary": {"covered_lines": 5, "num_statements": 5, "percent_covered": 100.0, "percent_covered_display": "100", "missing_lines": 0, "excluded_lines": 0}, "missing_lines": [], "excluded_lines": []}, "sample_state": {"executed_lines": [25], "summary": {"covered_lines": 1, "num_statements": 1, "percent_covered": 100.0, "percent_covered_display": "100", "missing_lines": 0, "excluded_lines": 0}, "missing_lines": [], "excluded_lines": []}, "test_llm_initialization": {"executed_lines": [29, 36], "summary": {"covered_lines": 2, "num_statements": 2, "percent_covered": 100.0, "percent_covered_display": "100", "missing_lines": 0, "excluded_lines": 0}, "missing_lines": [], "excluded_lines": []}, "test_full_workflow": {"executed_lines": [40, 41, 42, 43], "summary": {"covered_lines": 4, "num_statements": 4, "percent_covered": 100.0, "percent_covered_display": "100", "missing_lines": 0, "excluded_lines": 0}, "missing_lines": [], "excluded_lines": []}, "test_state_graph_transitions": {"executed_lines": [47, 48, 49, 50, 52], "summary": {"covered_lines": 5, "num_statements": 6, "percent_covered": 83.33333333333333, "percent_covered_display": "83", "missing_lines": 1, "excluded_lines": 0}, "missing_lines": [53], "excluded_lines": []}, "test_validation_error_handling": {"executed_lines": [57, 58], "summary": {"covered_lines": 2, "num_statements": 2, "percent_covered": 100.0, "percent_covered_display": "100", "missing_lines": 0, "excluded_lines": 0}, "missing_lines": [], "excluded_lines": []}, "test_async_operation": {"executed_lines": [64, 67], "summary": {"covered_lines": 2, "num_statements": 4, "percent_covered": 50.0, "percent_covered_display": "50", "missing_lines": 2, "excluded_lines": 0}, "missing_lines": [68, 69], "excluded_lines": []}, "test_async_operation.mock_invoke": {"executed_lines": [], "summary": {"covered_lines": 0, "num_statements": 1, "percent_covered": 0.0, "percent_covered_display": "0", "missing_lines": 1, "excluded_lines": 0}, "missing_lines": [65], "excluded_lines": []}, "test_env_config": {"executed_lines": [73], "summary": {"covered_lines": 1, "num_statements": 1, "percent_covered": 100.0, "percent_covered_display": "100", "missing_lines": 0, "excluded_lines": 0}, "missing_lines": [], "excluded_lines": []}, "test_state_persistence_and_update": {"executed_lines": [77, 78, 79, 80], "summary": {"covered_lines": 4, "num_statements": 4, "percent_covered": 100.0, "percent_covered_display": "100", "missing_lines": 0, "excluded_lines": 0}, "missing_lines": [], "excluded_lines": []}, "test_varied_user_inputs": {"executed_lines": [89, 90, 91], "summary": {"covered_lines": 3, "num_statements": 3, "percent_covered": 100.0, "percent_covered_display": "100", "missing_lines": 0, "excluded_lines": 0}, "missing_lines": [], "excluded_lines": []}, "test_timeout_conditions": {"executed_lines": [95, 98], "summary": {"covered_lines": 2, "num_statements": 7, "percent_covered": 28.571428571428573, "percent_covered_display": "29", "missing_lines": 5, "excluded_lines": 0}, "missing_lines": [99, 100, 101, 102, 104], "excluded_lines": []}, "test_timeout_conditions.mock_long_operation": {"executed_lines": [], "summary": {"covered_lines": 0, "num_statements": 1, "percent_covered": 0.0, "percent_covered_display": "0", "missing_lines": 1, "excluded_lines": 0}, "missing_lines": [96], "excluded_lines": []}, "": {"executed_lines": [2, 3, 4, 5, 6, 7, 8, 9, 10, 11, 14, 15, 23, 24, 28, 39, 46, 56, 61, 62, 72, 76, 83, 88, 94], "summary": {"covered_lines": 25, "num_statements": 25, "percent_covered": 100.0, "percent_covered_display": "100", "missing_lines": 0, "excluded_lines": 0}, "missing_lines": [], "excluded_lines": []}}, "classes": {"": {"executed_lines": [2, 3, 4, 5, 6, 7, 8, 9, 10, 11, 14, 15, 16, 17, 18, 19, 20, 23, 24, 25, 28, 29, 36, 39, 40, 41, 42, 43, 46, 47, 48, 49, 50, 52, 56, 57, 58, 61, 62, 64, 67, 72, 73, 76, 77, 78, 79, 80, 83, 88, 89, 90, 91, 94, 95, 98], "summary": {"covered_lines": 56, "num_statements": 66, "percent_covered": 84.84848484848484, "percent_covered_display": "85", "missing_lines": 10, "excluded_lines": 0}, "missing_lines": [53, 65, 68, 69, 96, 99, 100, 101, 102, 104], "excluded_lines": []}}}, "practice\\output\\tests\\test_unit_agent.py": {"executed_lines": [2, 3, 4, 5, 7, 8, 9, 10, 13, 14, 16, 22, 23, 25, 30, 32, 33, 34, 38, 40, 41, 44, 46, 53, 55, 61, 63, 64, 70, 72, 75, 81, 83, 92, 96, 98], "summary": {"covered_lines": 36, "num_statements": 58, "percent_covered": 62.06896551724138, "percent_covered_display": "62", "missing_lines": 22, "excluded_lines": 0}, "missing_lines": [35, 47, 48, 49, 50, 56, 57, 58, 65, 66, 67, 76, 77, 78, 84, 85, 86, 87, 88, 99, 100, 101], "excluded_lines": [], "functions": {"valid_state_messages": {"executed_lines": [16], "summary": {"covered_lines": 1, "num_statements": 1, "percent_covered": 100.0, "percent_covered_display": "100", "missing_lines": 0, "excluded_lines": 0}, "missing_lines": [], "excluded_lines": []}, "invalid_state_messages": {"executed_lines": [25], "summary": {"covered_lines": 1, "num_statements": 1, "percent_covered": 100.0, "percent_covered_display": "100", "missing_lines": 0, "excluded_lines": 0}, "missing_lines": [], "excluded_lines": []}, "test_state_initialization_happy_path": {"executed_lines": [32, 33, 34], "summary": {"covered_lines": 3, "num_statements": 4, "percent_covered": 75.0, "percent_covered_display": "75", "missing_lines": 1, "excluded_lines": 0}, "missing_lines": [35], "excluded_lines": []}, "test_state_initialization_invalid_input": {"executed_lines": [40, 41], "summary": {"covered_lines": 2, "num_statements": 2, "percent_covered": 100.0, "percent_covered_display": "100", "missing_lines": 0, "excluded_lines": 0}, "missing_lines": [], "excluded_lines": []}, "test_chatbot_function_happy_path": {"executed_lines": [46], "summary": {"covered_lines": 1, "num_statements": 5, "percent_covered": 20.0, "percent_covered_display": "20", "missing_lines": 4, "excluded_lines": 0}, "missing_lines": [47, 48, 49, 50], "excluded_lines": []}, "test_chatbot_function_edge_case_empty_message": {"executed_lines": [55], "summary": {"covered_lines": 1, "num_statements": 4, "percent_covered": 25.0, "percent_covered_display": "25", "missing_lines": 3, "excluded_lines": 0}, "missing_lines": [56, 57, 58], "excluded_lines": []}, "test_chatbot_function_edge_case_long_message": {"executed_lines": [63, 64], "summary": {"covered_lines": 2, "num_statements": 5, "percent_covered": 40.0, "percent_covered_display": "40", "missing_lines": 3, "excluded_lines": 0}, "missing_lines": [65, 66, 67], "excluded_lines": []}, "test_chatbot_function_with_memory": {"executed_lines": [72, 75], "summary": {"covered_lines": 2, "num_statements": 5, "percent_covered": 40.0, "percent_covered_display": "40", "missing_lines": 3, "excluded_lines": 0}, "missing_lines": [76, 77, 78], "excluded_lines": []}, "test_chatbot_function_error_handling": {"executed_lines": [83], "summary": {"covered_lines": 1, "num_statements": 6, "percent_covered": 16.666666666666668, "percent_covered_display": "17", "missing_lines": 5, "excluded_lines": 0}, "missing_lines": [84, 85, 86, 87, 88], "excluded_lines": []}, "test_chat_parameterized": {"executed_lines": [98], "summary": {"covered_lines": 1, "num_statements": 4, "percent_covered": 25.0, "percent_covered_display": "25", "missing_lines": 3, "excluded_lines": 0}, "missing_lines": [99, 100, 101], "excluded_lines": []}, "": {"executed_lines": [2, 3, 4, 5, 7, 8, 9, 10, 13, 14, 22, 23, 30, 38, 44, 53, 61, 70, 81, 92, 96], "summary": {"covered_lines": 21, "num_statements": 21, "percent_covered": 100.0, "percent_covered_display": "100", "missing_lines": 0, "excluded_lines": 0}, "missing_lines": [], "excluded_lines": []}}, "classes": {"": {"executed_lines": [2, 3, 4, 5, 7, 8, 9, 10, 13, 14, 16, 22, 23, 25, 30, 32, 33, 34, 38, 40, 41, 44, 46, 53, 55, 61, 63, 64, 70, 72, 75, 81, 83, 92, 96, 98], "summary": {"covered_lines": 36, "num_statements": 58, "percent_covered": 62.06896551724138, "percent_covered_display": "62", "missing_lines": 22, "excluded_lines": 0}, "missing_lines": [35, 47, 48, 49, 50, 56, 57, 58, 65, 66, 67, 76, 77, 78, 84, 85, 86, 87, 88, 99, 100, 101], "excluded_lines": []}}}}, "totals": {"covered_lines": 128, "num_statements": 160, "percent_covered": 80.0, "percent_covered_display": "80", "missing_lines": 32, "excluded_lines": 0}}